make all --print-data-base --no-builtin-variables --no-builtin-rules --question
# GNU Make 3.81
# Copyright (C) 2006  Free Software Foundation, Inc.
# This is free software; see the source for copying conditions.
# There is NO warranty; not even for MERCHANTABILITY or FITNESS FOR A
# PARTICULAR PURPOSE.

# This program built for i386-apple-darwin11.3.0
 
make: *** No rule to make target `all'.  Stop.


# Make data base, printed on Tue Aug 16 22:43:18 2022

# Variables

# automatic
<D = $(patsubst %/,%,$(dir $<))
# automatic
?F = $(notdir $?)
# automatic
?D = $(patsubst %/,%,$(dir $?))
# environment
rvm_path = /Users/michaelmanahan/.rvm
# automatic
@D = $(patsubst %/,%,$(dir $@))
# automatic
@F = $(notdir $@)
# makefile
CURDIR := /Users/michaelmanahan/Local_Repos/example-buck-ribs-needle
# makefile
SHELL = /bin/sh
# environment
VSCODE_NLS_CONFIG = {"locale":"en-us","availableLanguages":{},"_languagePackSupport":true}
# environment
_ = /usr/bin/make
# makefile (from `Makefile', line 1)
MAKEFILE_LIST :=  Makefile
# environment
__CFBundleIdentifier = com.microsoft.VSCode
# environment
INFOPATH = /opt/homebrew/share/info:
# makefile (from `Makefile', line 7)
buck_root = $(shell $(BUCK) root)
# environment
VSCODE_CWD = /
# environment
PATH = /Users/michaelmanahan/.sdkman/candidates/java/current/bin:/opt/homebrew/bin:/usr/local/bin:/usr/local/opt/ruby/bin:/usr/local/lib/ruby/gems/2.6.0/bin:/usr/local/bin:/usr/bin:/bin:/usr/sbin:/sbin:/Library/Apple/usr/bin:/Users/michaelmanahan/.rvm/bin:/Users/michaelmanahan/Library/Android/sdk/platform-tools:/Users/michaelmanahan/Library/Android/sdk/tools:/Users/michaelmanahan/Library/Android/sdk/tools/bin:/Users/michaelmanahan/Library/Android/sdk/emulator
# makefile (from `Makefile', line 9)
IPHONE_SIMULATOR_NAME = "iPhone 11"
# environment
SDKMAN_DIR = /Users/michaelmanahan/.sdkman
# environment
SDKMAN_CANDIDATES_API = https://api.sdkman.io/2
# environment
SDKMAN_PLATFORM = darwinarm64
# environment
 
ELECTRON_RUN_AS_NODE = 1
# environment
ANDROID_HOME = /Users/michaelmanahan/Library/Android/sdk
# default
.FEATURES := target-specific order-only second-expansion else-if archives jobserver check-symlink
# environment
SSH_AUTH_SOCK = /private/tmp/com.apple.launchd.RYRzpy4CKw/Listeners
# automatic
%F = $(notdir $%)
# makefile (from `Makefile', line 8)
buck_out = ${buck_root}/buck-out
# environment
rvm_bin_path = /Users/michaelmanahan/.rvm/bin
# environment
PWD = /Users/michaelmanahan/Local_Repos/example-buck-ribs-needle
# environment
HOMEBREW_CELLAR = /opt/homebrew/Cellar
# environment
GEM_HOME = /Users/michaelmanahan/.gem
# environment
ORIGINAL_XDG_CURRENT_DESKTOP = undefined
# environment
MANPATH = /opt/homebrew/share/man::
# environment
VSCODE_AMD_ENTRYPOINT = vs/workbench/api/node/extensionHostProcess
# environment
HOME = /Users/michaelmanahan
# default
MAKEFILEPATH := /Applications/Xcode.app/Contents/Developer/Makefiles
# environment
VSCODE_CODE_CACHE_PATH = /Users/michaelmanahan/Library/Application Support/Code/CachedData/6d9b74a70ca9c7733b29f0456fd8195364076dda
# environment
LOGNAME = michaelmanahan
# environment
APPLICATION_INSIGHTS_NO_DIAGNOSTIC_CHANNEL = true
# environment
VSCODE_HANDLES_UNCAUGHT_ERRORS = true
# automatic
^D = $(patsubst %/,%,$(dir $^))
# environment
XPC_FLAGS = 0x0
# environment
SDKMAN_VERSION = 5.16.0
# default
MAKE = $(MAKE_COMMAND)
# default
MAKECMDGOALS := all
# environment
SHLVL = 1
# environment
JAVA_HOME = /Users/michaelmanahan/.sdkman/candidates/java/current
# default
MAKE_VERSION := 3.81
# environment
USER = michaelmanahan
# makefile
.DEFAULT_GOAL := carth
# environment
rvm_version = 1.29.12 (latest)
# automatic
%D = $(patsubst %/,%,$(dir $%))
# makefile (from `Makefile', line 6)
JAVA11 = "--config java.target_level=11 --config java.source_level=11 "
# default
MAKE_COMMAND := /Applications/Xcode.app/Contents/Developer/usr/bin/make
# default
.VARIABLES := 
# environment
TMPDIR = /var/folders/nf/vyvk_3pj4dn7ffqsb_dcvgv40000gn/T/
# automatic
*F = $(notdir $*)
# environment
VSCODE_IPC_HOOK = /Users/michaelmanahan/Library/Application Support/Code/1.70.1-main.sock
# environment
MallocNanoZone = 0
# makefile (from `Makefile', line 61)
fbxctest = tools/fbxctest/bin/fbxctest
# makefile
MAKEFLAGS = Rrqp
# environment
MFLAGS = -Rrqp
# automatic
*D = $(patsubst %/,%,$(dir $*))
# environment
XPC_SERVICE_NAME = application.com.microsoft.VSCode.10928325.10928331
# environment
HOMEBREW_PREFIX = /opt/homebrew
# automatic
+D = $(patsubst %/,%,$(dir $+))
# automatic
+F = $(notdir $+)
# environment
HOMEBREW_REPOSITORY = /opt/homebrew
# environment
__CF_USER_TEXT_ENCODING = 0x1F5:0x0:0x0
# environment
COMMAND_MODE = unix2003
# makefile (from `Makefile', line 5)
BUCK = tools/buck.pex
# default
MAKEFILES := 
# automatic
<F = $(notdir $<)
# environment
SDKMAN_CANDIDATES_DIR = /Users/michaelmanahan/.sdkman/candidates
# environment
LC_ALL = C
# automatic
^F = $(notdir $^)
# environment
rvm_prefix = /Users/michaelmanahan
# default
SUFFIXES := 
# default
.INCLUDE_DIRS = /usr/local/include
# environment
MAKELEVEL := 0
# environment
LANG = C
# environment
VSCODE_PID = 16768
# variable set hash-table stats:
 
# Load=81/1024=8%, Rehash=0, Collisions=1/105=1%

# Pattern-specific Variable Values

# No pattern-specific variable values.

# Directories

# . (device 16777232, inode 10956264): 30 files, no impossibilities.

# 30 files, no impossibilities in 1 directories.

# Implicit Rules

# No implicit rules.

# Files

# Not a target:
all:
#  Command-line target.
#  Implicit rule search has been done.
#  File does not exist.
#  File has not been updated.
# variable set hash-table stats:
# Load=0/32=0%, Rehash=0, Collisions=0/0=0%

.PHONY: log install_buck build watch message targets audit debug test xcode_tests clean project audit
#  Implicit rule search has not been done.
#  Modification time never checked.
#  File has not been updated.

kill_xcode:
#  Implicit rule search has not been done.
#  Modification time never checked.
#  File has not been updated.
#  commands to execute (from `Makefile', line 76):
	killall Xcode || true
	killall Simulator || true
	

debug_release:
#  Implicit rule search has not been done.
#  Modification time never checked.
#  File has not been updated.
#  commands to execute (from `Makefile', line 41):
	$(BUCK) install //App:TicTacToeApp --run --simulator-name '${IPHONE_SIMULATOR_NAME}' --config-file ./BuildConfigurations/Release.buckconfig ${JAVA11}
	

project: clean
#  Phony target (prerequisite of .PHONY).
#  Implicit rule search has not been done.
#  File does not exist.
#  File has not been updated.
#  commands to execute (from `Makefile', line 83):
	$(BUCK) project //App:workspace ${JAVA11}
	open App/TicTacToeApp.xcworkspace
	

build_release:
#  Implicit rule search has not been done.
#  Modification time never checked.
#  File has not been updated.
#  commands to execute (from `Makefile', line 29):
	$(BUCK) build //App:TicTacToeApp --config-file ./BuildConfigurations/Release.buckconfig ${JAVA11}
	

# Not a target:
.SUFFIXES:
#  Implicit rule search has not been done.
#  Modification time never checked.
#  File has not been updated.

# Not a target:
Makefile:
#  Implicit rule search has been done.
#  Last modified 2022-08-09 19:54:57
#  File has been updated.
#  Successfully updated.
# variable set hash-table stats:
# Load=0/32=0%, Rehash=0, Collisions=0/0=0%

debug:
#  Phony target (prerequisite of .PHONY).
#  Implicit rule search has not been done.
#  File does not exist.
#  File has not been updated.
#  commands to execute (from `Makefile', line 38):
	$(BUCK) install //App:TicTacToeApp --run --simulator-name '${IPHONE_SIMULATOR_NAME}' ${JAVA11}
	

ui_test:
#  Implicit rule search has not been done.
#  Modification time never checked.
#  File has not been updated.
#  commands to execute (from `Makefile', line 63):
	# Diable UI Test for now, because it's broken on Xcode 10.2
	# $(BUCK) test //App:XCUITests --config apple.xctool_path=$(fbxctest) ${JAVA11}
	

test:
#  Phony target (prerequisite of .PHONY).
#  Implicit rule search has not been done.
#  File does not exist.
#  File has not been updated.
#  commands to execute (from `Makefile', line 50):
	@rm -f $(buck_out)/tmp/*.profraw
	@rm -f $(buck_out)/gen/*.profdata
	$(BUCK) test //App:TicTacToeAppCITests --test-runner-env XCTOOL_TEST_ENV_LLVM_PROFILE_FILE="$(buck_out)/tmp/code-%p.profraw%15x" \
	--config custom.other_cflags="\$$(config custom.code_coverage_cflags)" \
	--config custom.other_cxxflags="\$$(config custom.code_coverage_cxxflags)" \
	--config custom.other_ldflags="\$$(config custom.code_coverage_ldflags)" \
	--config custom.other_swift_compiler_flags="\$$(config custom.code_coverage_swift_compiler_flags)"
	xcrun llvm-profdata merge -sparse "$(buck_out)/tmp/code-"*.profraw -o "$(buck_out)/gen/Coverage.profdata"
	xcrun llvm-cov report "$(buck_out)/gen/App/TicTacToeAppBinary#iphonesimulator-x86_64" -instr-profile "$(buck_out)/gen/Coverage.profdata" -ignore-filename-regex "Pods|Carthage|buck-out"
	

install_buck:
#  Phony target (prerequisite of .PHONY).
#  Implicit rule search has not been done.
#  File does not exist.
#  File has not been updated.
#  commands to execute (from `Makefile', line 18):
	curl https://jitpack.io/com/github/airbnb/buck/626d201d241a051e79cbeafc63b78574b1d1e463/buck-626d201d241a051e79cbeafc63b78574b1d1e463.pex --output tools/buck
	chmod u+x tools/buck
	

build:
#  Phony target (prerequisite of .PHONY).
#  Implicit rule search has not been done.
#  File does not exist.
#  File has not been updated.
#  commands to execute (from `Makefile', line 26):
	$(BUCK) build //App:TicTacToeApp ${JAVA11}
	

carth:
#  Implicit rule search has not been done.
#  Modification time never checked.
#  File has not been updated.
#  commands to execute (from `Makefile', line 12):
	carthage update --platform iOS --use-xcframeworks
	

watch:
#  Phony target (prerequisite of .PHONY).
#  Implicit rule search has not been done.
#  File does not exist.
#  File has not been updated.
#  commands to execute (from `Makefile', line 32):
	$(BUCK) build //App:ExampleWatchAppExtension#watchsimulator-i386 ${JAVA11}
	

xcode_tests: project
#  Phony target (prerequisite of .PHONY).
#  Implicit rule search has not been done.
#  File does not exist.
#  File has not been updated.
#  commands to execute (from `Makefile', line 80):
	xcodebuild build test -workspace App/TicTacToeApp.xcworkspace -scheme TicTacToeApp -destination 'platform=iOS Simulator,name=${IPHONE_SIMULATOR_NAME},OS=latest' | xcpretty && exit ${PIPESTATUS[0]}
	

# Not a target:
.DEFAULT:
#  Implicit rule search has not been done.
#  Modification time never checked.
#  File has not been updated.

ci: targets build test ui_test project xcode_tests
#  Implicit rule search has not been done.
#  Modification time never checked.
#  File has not been updated.
#  commands to execute (from `Makefile', line 47):
	echo "Done"
	

audit:
#  Phony target (prerequisite of .PHONY).
#  Implicit rule search has not been done.
#  File does not exist.
#  File has not been updated.
#  commands to execute (from `Makefile', line 67):
	$(BUCK) audit rules App/BUCK > Config/Gen/App-BUCK.py ${JAVA11}
	$(BUCK) audit rules Pods/BUCK > Config/Gen/Pods-BUCK.py ${JAVA11}
	

targets:
#  Phony target (prerequisite of .PHONY).
#  Implicit rule search has not been done.
#  File does not exist.
#  File has not been updated.
#  commands to execute (from `Makefile', line 44):
	$(BUCK) targets //... ${JAVA11}
	

clean:
#  Phony target (prerequisite of .PHONY).
#  Implicit rule search has not been done.
#  File does not exist.
#  File has not been updated.
#  commands to execute (from `Makefile', line 71):
	rm -rf **/*.xcworkspace
	rm -rf **/*.xcodeproj
	rm -rf buck-out
	

update_cocoapods:
#  Implicit rule search has not been done.
#  Modification time never checked.
#  File has not been updated.
#  commands to execute (from `Makefile', line 22):
	pod repo update
	pod install
	

message:
#  Phony target (prerequisite of .PHONY).
#  Implicit rule search has not been done.
#  File does not exist.
#  File has not been updated.
#  commands to execute (from `Makefile', line 35):
 
	$(BUCK) build //App:ExampleMessageExtension ${JAVA11}
	

log:
#  Phony target (prerequisite of .PHONY).
#  Implicit rule search has not been done.
#  File does not exist.
#  File has not been updated.
#  commands to execute (from `Makefile', line 15):
	echo "Make"
	

# files hash-table stats:
# Load=24/1024=2%, Rehash=0, Collisions=0/57=0%
# VPATH Search Paths

# No `vpath' search paths.

# No general (`VPATH' variable) search path.

# # of strings in strcache: 1
# # of strcache buffers: 1
# strcache size: total = 4096 / max = 4096 / min = 4096 / avg = 4096
# strcache free: total = 4087 / max = 4087 / min = 4087 / avg = 4087

# Finished Make data base on Tue Aug 16 22:43:18 2022

 
